# JRE version: OpenJDK Runtime Environment Temurin-21.0.6+7 (21.0.6+7) (build 21.0.6+7-LTS)
# Java VM: OpenJDK 64-Bit Server VM Temurin-21.0.6+7 (21.0.6+7-LTS, mixed mode, sharing, tiered, compressed oops, compressed class ptrs, g1 gc, windows-amd64)
GC Precious Log:
 CardTable entry size: 512
 Card Set container configuration: InlinePtr #cards 5 size 8 Array Of Cards #cards 12 size 40 Howl #buckets 4 coarsen threshold 1843 Howl Bitmap #cards 512 size 80 coarsen threshold 460 Card regions per heap region 1 cards per card region 2048
 CPUs: 6 total, 6 available
 Memory: 8173M
 Large Page Support: Disabled
 NUMA Support: Disabled
 Compressed Oops: Enabled (32-bit)
 Heap Region Size: 1M
 Heap Min Capacity: 8M
 Heap Initial Capacity: 128M
 Heap Max Capacity: 2044M
 Pre-touch: Disabled
 Parallel Workers: 6
 Concurrent Workers: 2
 Concurrent Refinement Workers: 6
 Periodic GC: Disabled
Heap:
 garbage-first heap   total 92160K, used 57190K [0x0000000080400000, 0x0000000100000000)
  region size 1024K, 34 young (34816K), 0 survivors (0K)
 Metaspace       used 66533K, committed 67456K, reserved 1114112K
  class space    used 7959K, committed 8384K, reserved 1048576K
GC Heap History (20 events):
Event: 199544.613 GC heap before
{Heap before GC invocations=305 (full 18):
 garbage-first heap   total 99328K, used 85336K [0x0000000080400000, 0x0000000100000000)
  region size 1024K, 58 young (59392K), 1 survivors (1024K)
 Metaspace       used 66320K, committed 67392K, reserved 1114112K
  class space    used 7934K, committed 8384K, reserved 1048576K
}
Event: 199544.706 GC heap after
{Heap after GC invocations=306 (full 18):
 garbage-first heap   total 99328K, used 26853K [0x0000000080400000, 0x0000000100000000)
  region size 1024K, 1 young (1024K), 1 survivors (1024K)
 Metaspace       used 66320K, committed 67392K, reserved 1114112K
  class space    used 7934K, committed 8384K, reserved 1048576K
}
Event: 200670.678 GC heap before
{Heap before GC invocations=306 (full 18):
 garbage-first heap   total 99328K, used 85221K [0x0000000080400000, 0x0000000100000000)
  region size 1024K, 58 young (59392K), 1 survivors (1024K)
 Metaspace       used 66320K, committed 67392K, reserved 1114112K
  class space    used 7934K, committed 8384K, reserved 1048576K
}
Event: 200670.837 GC heap after
{Heap after GC invocations=307 (full 18):
 garbage-first heap   total 99328K, used 26808K [0x0000000080400000, 0x0000000100000000)
  region size 1024K, 1 young (1024K), 1 survivors (1024K)
 Metaspace       used 66320K, committed 67392K, reserved 1114112K
  class space    used 7934K, committed 8384K, reserved 1048576K
}
Event: 203264.523 GC heap before
{Heap before GC invocations=308 (full 18):
 garbage-first heap   total 99328K, used 85176K [0x0000000080400000, 0x0000000100000000)
  region size 1024K, 58 young (59392K), 1 survivors (1024K)
 Metaspace       used 66322K, committed 67392K, reserved 1114112K
  class space    used 7934K, committed 8384K, reserved 1048576K
}
Event: 203264.649 GC heap after
{Heap after GC invocations=309 (full 18):
 garbage-first heap   total 99328K, used 26767K [0x0000000080400000, 0x0000000100000000)
  region size 1024K, 1 young (1024K), 1 survivors (1024K)
 Metaspace       used 66322K, committed 67392K, reserved 1114112K
  class space    used 7934K, committed 8384K, reserved 1048576K
}
Event: 204391.412 GC heap before
{Heap before GC invocations=309 (full 18):
 garbage-first heap   total 99328K, used 85135K [0x0000000080400000, 0x0000000100000000)
  region size 1024K, 58 young (59392K), 1 survivors (1024K)
 Metaspace       used 66322K, committed 67392K, reserved 1114112K
  class space    used 7934K, committed 8384K, reserved 1048576K
}
Event: 204391.509 GC heap after
{Heap after GC invocations=310 (full 18):
 garbage-first heap   total 99328K, used 26762K [0x0000000080400000, 0x0000000100000000)
  region size 1024K, 1 young (1024K), 1 survivors (1024K)
 Metaspace       used 66322K, committed 67392K, reserved 1114112K
  class space    used 7934K, committed 8384K, reserved 1048576K
}
Event: 227664.801 GC heap before
{Heap before GC invocations=310 (full 18):
 garbage-first heap   total 99328K, used 85130K [0x0000000080400000, 0x0000000100000000)
  region size 1024K, 58 young (59392K), 1 survivors (1024K)
 Metaspace       used 66330K, committed 67392K, reserved 1114112K
  class space    used 7934K, committed 8384K, reserved 1048576K
}
Event: 227665.006 GC heap after
{Heap after GC invocations=311 (full 18):
 garbage-first heap   total 99328K, used 26857K [0x0000000080400000, 0x0000000100000000)
  region size 1024K, 1 young (1024K), 1 survivors (1024K)
 Metaspace       used 66330K, committed 67392K, reserved 1114112K
  class space    used 7934K, committed 8384K, reserved 1048576K
}
Event: 228786.848 GC heap before
{Heap before GC invocations=312 (full 18):
 garbage-first heap   total 99328K, used 85225K [0x0000000080400000, 0x0000000100000000)
  region size 1024K, 58 young (59392K), 1 survivors (1024K)
 Metaspace       used 66331K, committed 67392K, reserved 1114112K
  class space    used 7934K, committed 8384K, reserved 1048576K
}
Event: 228786.981 GC heap after
{Heap after GC invocations=313 (full 18):
 garbage-first heap   total 99328K, used 26771K [0x0000000080400000, 0x0000000100000000)
  region size 1024K, 1 young (1024K), 1 survivors (1024K)
 Metaspace       used 66331K, committed 67392K, reserved 1114112K
  class space    used 7934K, committed 8384K, reserved 1048576K
}
Event: 232318.586 GC heap before
{Heap before GC invocations=313 (full 18):
 garbage-first heap   total 99328K, used 85139K [0x0000000080400000, 0x0000000100000000)
  region size 1024K, 58 young (59392K), 1 survivors (1024K)
 Metaspace       used 66336K, committed 67456K, reserved 1114112K
  class space    used 7934K, committed 8384K, reserved 1048576K
}
Event: 232318.739 GC heap after
{Heap after GC invocations=314 (full 18):
 garbage-first heap   total 99328K, used 26830K [0x0000000080400000, 0x0000000100000000)
  region size 1024K, 1 young (1024K), 1 survivors (1024K)
 Metaspace       used 66336K, committed 67456K, reserved 1114112K
  class space    used 7934K, committed 8384K, reserved 1048576K
}
Event: 233444.100 GC heap before
{Heap before GC invocations=314 (full 18):
 garbage-first heap   total 99328K, used 85198K [0x0000000080400000, 0x0000000100000000)
  region size 1024K, 58 young (59392K), 1 survivors (1024K)
 Metaspace       used 66336K, committed 67456K, reserved 1114112K
  class space    used 7934K, committed 8384K, reserved 1048576K
}
Event: 233444.306 GC heap after
{Heap after GC invocations=315 (full 18):
 garbage-first heap   total 99328K, used 26756K [0x0000000080400000, 0x0000000100000000)
  region size 1024K, 1 young (1024K), 1 survivors (1024K)
 Metaspace       used 66336K, committed 67456K, reserved 1114112K
  class space    used 7934K, committed 8384K, reserved 1048576K
}
Event: 234571.585 GC heap before
{Heap before GC invocations=316 (full 18):
 garbage-first heap   total 99328K, used 85124K [0x0000000080400000, 0x0000000100000000)
  region size 1024K, 58 young (59392K), 1 survivors (1024K)
 Metaspace       used 66331K, committed 67456K, reserved 1114112K
  class space    used 7933K, committed 8384K, reserved 1048576K
}
Event: 234571.679 GC heap after
{Heap after GC invocations=317 (full 18):
 garbage-first heap   total 99328K, used 26754K [0x0000000080400000, 0x0000000100000000)
  region size 1024K, 1 young (1024K), 1 survivors (1024K)
 Metaspace       used 66331K, committed 67456K, reserved 1114112K
  class space    used 7933K, committed 8384K, reserved 1048576K
}
Event: 247546.316 GC heap before
{Heap before GC invocations=317 (full 18):
 garbage-first heap   total 99328K, used 49282K [0x0000000080400000, 0x0000000100000000)
  region size 1024K, 24 young (24576K), 1 survivors (1024K)
 Metaspace       used 66468K, committed 67456K, reserved 1114112K
  class space    used 7947K, committed 8384K, reserved 1048576K
}
Event: 247547.374 GC heap after
{Heap after GC invocations=318 (full 19):
 garbage-first heap   total 92160K, used 24422K [0x0000000080400000, 0x0000000100000000)
  region size 1024K, 0 young (0K), 0 survivors (0K)
 Metaspace       used 66455K, committed 67456K, reserved 1114112K
  class space    used 7944K, committed 8384K, reserved 1048576K
}

